17-Sep-2019 01:25:59.979 INFO [Thread-4] org.apache.coyote.AbstractProtocol.pause 프로토콜 핸들러 ["http-nio-8080"]을(를) 일시 정지 중
17-Sep-2019 01:25:59.986 INFO [Thread-4] org.apache.coyote.AbstractProtocol.pause 프로토콜 핸들러 ["ajp-nio-8009"]을(를) 일시 정지 중
17-Sep-2019 01:25:59.994 INFO [Thread-4] org.apache.catalina.core.StandardService.stopInternal 서비스 [Catalina]을(를) 중지시킵니다.
17-Sep-2019 01:26:00.048 INFO [Thread-4] org.apache.coyote.AbstractProtocol.stop 프로토콜 핸들러 ["http-nio-8080"]을(를) 중지시킵니다.
17-Sep-2019 01:26:00.053 INFO [Thread-4] org.apache.coyote.AbstractProtocol.stop 프로토콜 핸들러 ["ajp-nio-8009"]을(를) 중지시킵니다.
17-Sep-2019 01:26:00.057 INFO [Thread-4] org.apache.coyote.AbstractProtocol.destroy 프로토콜 핸들러 ["http-nio-8080"]을(를) 소멸시킵니다.
17-Sep-2019 01:26:00.058 INFO [Thread-4] org.apache.coyote.AbstractProtocol.destroy 프로토콜 핸들러 ["ajp-nio-8009"]을(를) 소멸시킵니다.
17-Sep-2019 23:15:46.228 INFO [main] org.apache.catalina.startup.VersionLoggerListener.log 서버 버전 이름:        Apache Tomcat/9.0.19
17-Sep-2019 23:15:46.234 INFO [main] org.apache.catalina.startup.VersionLoggerListener.log Server 빌드 시각:          Apr 12 2019 14:22:48 UTC
17-Sep-2019 23:15:46.235 INFO [main] org.apache.catalina.startup.VersionLoggerListener.log Server 버전 번호:         9.0.19.0
17-Sep-2019 23:15:46.235 INFO [main] org.apache.catalina.startup.VersionLoggerListener.log 운영체제 이름:               Mac OS X
17-Sep-2019 23:15:46.235 INFO [main] org.apache.catalina.startup.VersionLoggerListener.log 운영체제 버전:            10.14.6
17-Sep-2019 23:15:46.236 INFO [main] org.apache.catalina.startup.VersionLoggerListener.log 아키텍처:          x86_64
17-Sep-2019 23:15:46.236 INFO [main] org.apache.catalina.startup.VersionLoggerListener.log 자바 홈:             /Library/Java/JavaVirtualMachines/jdk-12.0.1.jdk/Contents/Home
17-Sep-2019 23:15:46.236 INFO [main] org.apache.catalina.startup.VersionLoggerListener.log JVM 버전:           12.0.1+12
17-Sep-2019 23:15:46.237 INFO [main] org.apache.catalina.startup.VersionLoggerListener.log JVM 벤더:            Oracle Corporation
17-Sep-2019 23:15:46.237 INFO [main] org.apache.catalina.startup.VersionLoggerListener.log CATALINA_BASE:         /Users/chaminjae/Desktop/블록체인/board_project/tomcat/9.0.19/libexec
17-Sep-2019 23:15:46.237 INFO [main] org.apache.catalina.startup.VersionLoggerListener.log CATALINA_HOME:         /Users/chaminjae/Desktop/블록체인/board_project/tomcat/9.0.19/libexec
17-Sep-2019 23:15:46.240 INFO [main] org.apache.catalina.startup.VersionLoggerListener.log 명령 행 아규먼트: --add-opens=java.base/java.lang=ALL-UNNAMED
17-Sep-2019 23:15:46.240 INFO [main] org.apache.catalina.startup.VersionLoggerListener.log 명령 행 아규먼트: --add-opens=java.base/java.io=ALL-UNNAMED
17-Sep-2019 23:15:46.240 INFO [main] org.apache.catalina.startup.VersionLoggerListener.log 명령 행 아규먼트: --add-opens=java.rmi/sun.rmi.transport=ALL-UNNAMED
17-Sep-2019 23:15:46.240 INFO [main] org.apache.catalina.startup.VersionLoggerListener.log 명령 행 아규먼트: -Djava.util.logging.config.file=/Users/chaminjae/desktop/블록체인/board_project/tomcat/9.0.19/libexec/conf/logging.properties
17-Sep-2019 23:15:46.240 INFO [main] org.apache.catalina.startup.VersionLoggerListener.log 명령 행 아규먼트: -Djava.util.logging.manager=org.apache.juli.ClassLoaderLogManager
17-Sep-2019 23:15:46.241 INFO [main] org.apache.catalina.startup.VersionLoggerListener.log 명령 행 아규먼트: -Djdk.tls.ephemeralDHKeySize=2048
17-Sep-2019 23:15:46.241 INFO [main] org.apache.catalina.startup.VersionLoggerListener.log 명령 행 아규먼트: -Djava.protocol.handler.pkgs=org.apache.catalina.webresources
17-Sep-2019 23:15:46.241 INFO [main] org.apache.catalina.startup.VersionLoggerListener.log 명령 행 아규먼트: -Dorg.apache.catalina.security.SecurityListener.UMASK=0027
17-Sep-2019 23:15:46.242 INFO [main] org.apache.catalina.startup.VersionLoggerListener.log 명령 행 아규먼트: -Dignore.endorsed.dirs=
17-Sep-2019 23:15:46.242 INFO [main] org.apache.catalina.startup.VersionLoggerListener.log 명령 행 아규먼트: -Dcatalina.base=/Users/chaminjae/desktop/블록체인/board_project/tomcat/9.0.19/libexec
17-Sep-2019 23:15:46.242 INFO [main] org.apache.catalina.startup.VersionLoggerListener.log 명령 행 아규먼트: -Dcatalina.home=/Users/chaminjae/desktop/블록체인/board_project/tomcat/9.0.19/libexec
17-Sep-2019 23:15:46.243 INFO [main] org.apache.catalina.startup.VersionLoggerListener.log 명령 행 아규먼트: -Djava.io.tmpdir=/Users/chaminjae/desktop/블록체인/board_project/tomcat/9.0.19/libexec/temp
17-Sep-2019 23:15:46.243 INFO [main] org.apache.catalina.core.AprLifecycleListener.lifecycleEvent 프로덕션 환경들에서 최적의 성능을 제공하는, APR 기반 Apache Tomcat Native 라이브러리가, 다음 java.library.path에서 발견되지 않습니다: [/Users/chaminjae/Library/Java/Extensions:/Library/Java/Extensions:/Network/Library/Java/Extensions:/System/Library/Java/Extensions:/usr/lib/java:.]
17-Sep-2019 23:15:46.313 INFO [main] org.apache.coyote.AbstractProtocol.init 프로토콜 핸들러 ["http-nio-8080"]을(를) 초기화합니다.
17-Sep-2019 23:15:46.374 INFO [main] org.apache.coyote.AbstractProtocol.init 프로토콜 핸들러 ["ajp-nio-8009"]을(를) 초기화합니다.
17-Sep-2019 23:15:46.380 INFO [main] org.apache.catalina.startup.Catalina.load [948] 밀리초 내에 서버가 초기화되었습니다.
17-Sep-2019 23:15:46.456 INFO [main] org.apache.catalina.core.StandardService.startInternal 서비스 [Catalina]을(를) 시작합니다.
17-Sep-2019 23:15:46.456 INFO [main] org.apache.catalina.core.StandardEngine.startInternal 서버 엔진을 시작합니다: [Apache Tomcat/9.0.19]
17-Sep-2019 23:15:46.470 INFO [main] org.apache.catalina.startup.HostConfig.deployDirectory 웹 애플리케이션 디렉토리 [/Users/chaminjae/Desktop/블록체인/board_project/tomcat/9.0.19/libexec/webapps/docs]을(를) 배치합니다.
17-Sep-2019 23:15:46.947 INFO [main] org.apache.catalina.startup.HostConfig.deployDirectory 웹 애플리케이션 디렉토리 [/Users/chaminjae/Desktop/블록체인/board_project/tomcat/9.0.19/libexec/webapps/docs]에 대한 배치가 [477] 밀리초에 완료되었습니다.
17-Sep-2019 23:15:46.948 INFO [main] org.apache.catalina.startup.HostConfig.deployDirectory 웹 애플리케이션 디렉토리 [/Users/chaminjae/Desktop/블록체인/board_project/tomcat/9.0.19/libexec/webapps/manager]을(를) 배치합니다.
17-Sep-2019 23:15:47.015 INFO [main] org.apache.catalina.startup.HostConfig.deployDirectory 웹 애플리케이션 디렉토리 [/Users/chaminjae/Desktop/블록체인/board_project/tomcat/9.0.19/libexec/webapps/manager]에 대한 배치가 [67] 밀리초에 완료되었습니다.
17-Sep-2019 23:15:47.016 INFO [main] org.apache.catalina.startup.HostConfig.deployDirectory 웹 애플리케이션 디렉토리 [/Users/chaminjae/Desktop/블록체인/board_project/tomcat/9.0.19/libexec/webapps/examples]을(를) 배치합니다.
17-Sep-2019 23:15:47.547 INFO [main] org.apache.catalina.startup.HostConfig.deployDirectory 웹 애플리케이션 디렉토리 [/Users/chaminjae/Desktop/블록체인/board_project/tomcat/9.0.19/libexec/webapps/examples]에 대한 배치가 [531] 밀리초에 완료되었습니다.
17-Sep-2019 23:15:47.548 INFO [main] org.apache.catalina.startup.HostConfig.deployDirectory 웹 애플리케이션 디렉토리 [/Users/chaminjae/Desktop/블록체인/board_project/tomcat/9.0.19/libexec/webapps/ROOT]을(를) 배치합니다.
17-Sep-2019 23:15:47.583 INFO [main] org.apache.catalina.startup.HostConfig.deployDirectory 웹 애플리케이션 디렉토리 [/Users/chaminjae/Desktop/블록체인/board_project/tomcat/9.0.19/libexec/webapps/ROOT]에 대한 배치가 [34] 밀리초에 완료되었습니다.
17-Sep-2019 23:15:47.583 INFO [main] org.apache.catalina.startup.HostConfig.deployDirectory 웹 애플리케이션 디렉토리 [/Users/chaminjae/Desktop/블록체인/board_project/tomcat/9.0.19/libexec/webapps/host-manager]을(를) 배치합니다.
17-Sep-2019 23:15:47.627 INFO [main] org.apache.catalina.startup.HostConfig.deployDirectory 웹 애플리케이션 디렉토리 [/Users/chaminjae/Desktop/블록체인/board_project/tomcat/9.0.19/libexec/webapps/host-manager]에 대한 배치가 [43] 밀리초에 완료되었습니다.
17-Sep-2019 23:15:47.635 INFO [main] org.apache.coyote.AbstractProtocol.start 프로토콜 핸들러 ["http-nio-8080"]을(를) 시작합니다.
17-Sep-2019 23:15:47.648 INFO [main] org.apache.coyote.AbstractProtocol.start 프로토콜 핸들러 ["ajp-nio-8009"]을(를) 시작합니다.
17-Sep-2019 23:15:47.661 INFO [main] org.apache.catalina.startup.Catalina.start 서버가 [1,280] 밀리초 내에 시작되었습니다.
17-Sep-2019 23:17:32.924 INFO [main] org.apache.catalina.startup.VersionLoggerListener.log 서버 버전 이름:        Apache Tomcat/9.0.19
17-Sep-2019 23:17:32.928 INFO [main] org.apache.catalina.startup.VersionLoggerListener.log Server 빌드 시각:          Apr 12 2019 14:22:48 UTC
17-Sep-2019 23:17:32.928 INFO [main] org.apache.catalina.startup.VersionLoggerListener.log Server 버전 번호:         9.0.19.0
17-Sep-2019 23:17:32.929 INFO [main] org.apache.catalina.startup.VersionLoggerListener.log 운영체제 이름:               Mac OS X
17-Sep-2019 23:17:32.929 INFO [main] org.apache.catalina.startup.VersionLoggerListener.log 운영체제 버전:            10.14.6
17-Sep-2019 23:17:32.929 INFO [main] org.apache.catalina.startup.VersionLoggerListener.log 아키텍처:          x86_64
17-Sep-2019 23:17:32.930 INFO [main] org.apache.catalina.startup.VersionLoggerListener.log 자바 홈:             /Library/Java/JavaVirtualMachines/jdk-12.0.1.jdk/Contents/Home
17-Sep-2019 23:17:32.930 INFO [main] org.apache.catalina.startup.VersionLoggerListener.log JVM 버전:           12.0.1+12
17-Sep-2019 23:17:32.930 INFO [main] org.apache.catalina.startup.VersionLoggerListener.log JVM 벤더:            Oracle Corporation
17-Sep-2019 23:17:32.930 INFO [main] org.apache.catalina.startup.VersionLoggerListener.log CATALINA_BASE:         /Users/chaminjae/Desktop/블록체인/board_project/tomcat/9.0.19/libexec
17-Sep-2019 23:17:32.931 INFO [main] org.apache.catalina.startup.VersionLoggerListener.log CATALINA_HOME:         /Users/chaminjae/Desktop/블록체인/board_project/tomcat/9.0.19/libexec
17-Sep-2019 23:17:32.933 INFO [main] org.apache.catalina.startup.VersionLoggerListener.log 명령 행 아규먼트: --add-opens=java.base/java.lang=ALL-UNNAMED
17-Sep-2019 23:17:32.933 INFO [main] org.apache.catalina.startup.VersionLoggerListener.log 명령 행 아규먼트: --add-opens=java.base/java.io=ALL-UNNAMED
17-Sep-2019 23:17:32.933 INFO [main] org.apache.catalina.startup.VersionLoggerListener.log 명령 행 아규먼트: --add-opens=java.rmi/sun.rmi.transport=ALL-UNNAMED
17-Sep-2019 23:17:32.933 INFO [main] org.apache.catalina.startup.VersionLoggerListener.log 명령 행 아규먼트: -Djava.util.logging.config.file=/Users/chaminjae/desktop/블록체인/board_project/tomcat/9.0.19/libexec/conf/logging.properties
17-Sep-2019 23:17:32.934 INFO [main] org.apache.catalina.startup.VersionLoggerListener.log 명령 행 아규먼트: -Djava.util.logging.manager=org.apache.juli.ClassLoaderLogManager
17-Sep-2019 23:17:32.934 INFO [main] org.apache.catalina.startup.VersionLoggerListener.log 명령 행 아규먼트: -Djdk.tls.ephemeralDHKeySize=2048
17-Sep-2019 23:17:32.935 INFO [main] org.apache.catalina.startup.VersionLoggerListener.log 명령 행 아규먼트: -Djava.protocol.handler.pkgs=org.apache.catalina.webresources
17-Sep-2019 23:17:32.935 INFO [main] org.apache.catalina.startup.VersionLoggerListener.log 명령 행 아규먼트: -Dorg.apache.catalina.security.SecurityListener.UMASK=0027
17-Sep-2019 23:17:32.936 INFO [main] org.apache.catalina.startup.VersionLoggerListener.log 명령 행 아규먼트: -Dignore.endorsed.dirs=
17-Sep-2019 23:17:32.936 INFO [main] org.apache.catalina.startup.VersionLoggerListener.log 명령 행 아규먼트: -Dcatalina.base=/Users/chaminjae/desktop/블록체인/board_project/tomcat/9.0.19/libexec
17-Sep-2019 23:17:32.936 INFO [main] org.apache.catalina.startup.VersionLoggerListener.log 명령 행 아규먼트: -Dcatalina.home=/Users/chaminjae/desktop/블록체인/board_project/tomcat/9.0.19/libexec
17-Sep-2019 23:17:32.936 INFO [main] org.apache.catalina.startup.VersionLoggerListener.log 명령 행 아규먼트: -Djava.io.tmpdir=/Users/chaminjae/desktop/블록체인/board_project/tomcat/9.0.19/libexec/temp
17-Sep-2019 23:17:32.937 INFO [main] org.apache.catalina.core.AprLifecycleListener.lifecycleEvent 프로덕션 환경들에서 최적의 성능을 제공하는, APR 기반 Apache Tomcat Native 라이브러리가, 다음 java.library.path에서 발견되지 않습니다: [/Users/chaminjae/Library/Java/Extensions:/Library/Java/Extensions:/Network/Library/Java/Extensions:/System/Library/Java/Extensions:/usr/lib/java:.]
17-Sep-2019 23:17:32.999 INFO [main] org.apache.coyote.AbstractProtocol.init 프로토콜 핸들러 ["http-nio-8080"]을(를) 초기화합니다.
17-Sep-2019 23:17:33.041 SEVERE [main] org.apache.catalina.util.LifecycleBase.handleSubClassException 구성요소 [Connector[HTTP/1.1-8080]]을(를) 초기화하지 못했습니다.
 org.apache.catalina.LifecycleException: 프로토콜 핸들러 초기화가 실패했습니다.
	at org.apache.catalina.connector.Connector.initInternal(Connector.java:983)
	at org.apache.catalina.util.LifecycleBase.init(LifecycleBase.java:136)
	at org.apache.catalina.core.StandardService.initInternal(StandardService.java:535)
	at org.apache.catalina.util.LifecycleBase.init(LifecycleBase.java:136)
	at org.apache.catalina.core.StandardServer.initInternal(StandardServer.java:1059)
	at org.apache.catalina.util.LifecycleBase.init(LifecycleBase.java:136)
	at org.apache.catalina.startup.Catalina.load(Catalina.java:584)
	at org.apache.catalina.startup.Catalina.load(Catalina.java:607)
	at java.base/jdk.internal.reflect.NativeMethodAccessorImpl.invoke0(Native Method)
	at java.base/jdk.internal.reflect.NativeMethodAccessorImpl.invoke(NativeMethodAccessorImpl.java:62)
	at java.base/jdk.internal.reflect.DelegatingMethodAccessorImpl.invoke(DelegatingMethodAccessorImpl.java:43)
	at java.base/java.lang.reflect.Method.invoke(Method.java:567)
	at org.apache.catalina.startup.Bootstrap.load(Bootstrap.java:306)
	at org.apache.catalina.startup.Bootstrap.main(Bootstrap.java:491)
Caused by: java.net.BindException: Address already in use
	at java.base/sun.nio.ch.Net.bind0(Native Method)
	at java.base/sun.nio.ch.Net.bind(Net.java:455)
	at java.base/sun.nio.ch.Net.bind(Net.java:447)
	at java.base/sun.nio.ch.ServerSocketChannelImpl.bind(ServerSocketChannelImpl.java:219)
	at java.base/sun.nio.ch.ServerSocketAdaptor.bind(ServerSocketAdaptor.java:80)
	at org.apache.tomcat.util.net.NioEndpoint.initServerSocket(NioEndpoint.java:239)
	at org.apache.tomcat.util.net.NioEndpoint.bind(NioEndpoint.java:213)
	at org.apache.tomcat.util.net.AbstractEndpoint.bindWithCleanup(AbstractEndpoint.java:1116)
	at org.apache.tomcat.util.net.AbstractEndpoint.init(AbstractEndpoint.java:1129)
	at org.apache.coyote.AbstractProtocol.init(AbstractProtocol.java:557)
	at org.apache.coyote.http11.AbstractHttp11Protocol.init(AbstractHttp11Protocol.java:74)
	at org.apache.catalina.connector.Connector.initInternal(Connector.java:980)
	... 13 more

17-Sep-2019 23:17:33.044 INFO [main] org.apache.coyote.AbstractProtocol.init 프로토콜 핸들러 ["ajp-nio-8009"]을(를) 초기화합니다.
17-Sep-2019 23:17:33.046 SEVERE [main] org.apache.catalina.util.LifecycleBase.handleSubClassException 구성요소 [Connector[AJP/1.3-8009]]을(를) 초기화하지 못했습니다.
 org.apache.catalina.LifecycleException: 프로토콜 핸들러 초기화가 실패했습니다.
	at org.apache.catalina.connector.Connector.initInternal(Connector.java:983)
	at org.apache.catalina.util.LifecycleBase.init(LifecycleBase.java:136)
	at org.apache.catalina.core.StandardService.initInternal(StandardService.java:535)
	at org.apache.catalina.util.LifecycleBase.init(LifecycleBase.java:136)
	at org.apache.catalina.core.StandardServer.initInternal(StandardServer.java:1059)
	at org.apache.catalina.util.LifecycleBase.init(LifecycleBase.java:136)
	at org.apache.catalina.startup.Catalina.load(Catalina.java:584)
	at org.apache.catalina.startup.Catalina.load(Catalina.java:607)
	at java.base/jdk.internal.reflect.NativeMethodAccessorImpl.invoke0(Native Method)
	at java.base/jdk.internal.reflect.NativeMethodAccessorImpl.invoke(NativeMethodAccessorImpl.java:62)
	at java.base/jdk.internal.reflect.DelegatingMethodAccessorImpl.invoke(DelegatingMethodAccessorImpl.java:43)
	at java.base/java.lang.reflect.Method.invoke(Method.java:567)
	at org.apache.catalina.startup.Bootstrap.load(Bootstrap.java:306)
	at org.apache.catalina.startup.Bootstrap.main(Bootstrap.java:491)
Caused by: java.net.BindException: Address already in use
	at java.base/sun.nio.ch.Net.bind0(Native Method)
	at java.base/sun.nio.ch.Net.bind(Net.java:455)
	at java.base/sun.nio.ch.Net.bind(Net.java:447)
	at java.base/sun.nio.ch.ServerSocketChannelImpl.bind(ServerSocketChannelImpl.java:219)
	at java.base/sun.nio.ch.ServerSocketAdaptor.bind(ServerSocketAdaptor.java:80)
	at org.apache.tomcat.util.net.NioEndpoint.initServerSocket(NioEndpoint.java:239)
	at org.apache.tomcat.util.net.NioEndpoint.bind(NioEndpoint.java:213)
	at org.apache.tomcat.util.net.AbstractEndpoint.bindWithCleanup(AbstractEndpoint.java:1116)
	at org.apache.tomcat.util.net.AbstractEndpoint.init(AbstractEndpoint.java:1129)
	at org.apache.coyote.AbstractProtocol.init(AbstractProtocol.java:557)
	at org.apache.catalina.connector.Connector.initInternal(Connector.java:980)
	... 13 more

17-Sep-2019 23:17:33.049 INFO [main] org.apache.catalina.startup.Catalina.load [923] 밀리초 내에 서버가 초기화되었습니다.
17-Sep-2019 23:17:33.114 INFO [main] org.apache.catalina.core.StandardService.startInternal 서비스 [Catalina]을(를) 시작합니다.
17-Sep-2019 23:17:33.115 INFO [main] org.apache.catalina.core.StandardEngine.startInternal 서버 엔진을 시작합니다: [Apache Tomcat/9.0.19]
17-Sep-2019 23:17:33.129 INFO [main] org.apache.catalina.startup.HostConfig.deployDirectory 웹 애플리케이션 디렉토리 [/Users/chaminjae/Desktop/블록체인/board_project/tomcat/9.0.19/libexec/webapps/docs]을(를) 배치합니다.
17-Sep-2019 23:17:33.607 INFO [main] org.apache.catalina.startup.HostConfig.deployDirectory 웹 애플리케이션 디렉토리 [/Users/chaminjae/Desktop/블록체인/board_project/tomcat/9.0.19/libexec/webapps/docs]에 대한 배치가 [478] 밀리초에 완료되었습니다.
17-Sep-2019 23:17:33.608 INFO [main] org.apache.catalina.startup.HostConfig.deployDirectory 웹 애플리케이션 디렉토리 [/Users/chaminjae/Desktop/블록체인/board_project/tomcat/9.0.19/libexec/webapps/manager]을(를) 배치합니다.
17-Sep-2019 23:17:33.680 INFO [main] org.apache.catalina.startup.HostConfig.deployDirectory 웹 애플리케이션 디렉토리 [/Users/chaminjae/Desktop/블록체인/board_project/tomcat/9.0.19/libexec/webapps/manager]에 대한 배치가 [71] 밀리초에 완료되었습니다.
17-Sep-2019 23:17:33.680 INFO [main] org.apache.catalina.startup.HostConfig.deployDirectory 웹 애플리케이션 디렉토리 [/Users/chaminjae/Desktop/블록체인/board_project/tomcat/9.0.19/libexec/webapps/examples]을(를) 배치합니다.
17-Sep-2019 23:17:34.136 INFO [main] org.apache.catalina.startup.HostConfig.deployDirectory 웹 애플리케이션 디렉토리 [/Users/chaminjae/Desktop/블록체인/board_project/tomcat/9.0.19/libexec/webapps/examples]에 대한 배치가 [456] 밀리초에 완료되었습니다.
17-Sep-2019 23:17:34.137 INFO [main] org.apache.catalina.startup.HostConfig.deployDirectory 웹 애플리케이션 디렉토리 [/Users/chaminjae/Desktop/블록체인/board_project/tomcat/9.0.19/libexec/webapps/ROOT]을(를) 배치합니다.
17-Sep-2019 23:17:34.194 INFO [main] org.apache.catalina.startup.HostConfig.deployDirectory 웹 애플리케이션 디렉토리 [/Users/chaminjae/Desktop/블록체인/board_project/tomcat/9.0.19/libexec/webapps/ROOT]에 대한 배치가 [56] 밀리초에 완료되었습니다.
17-Sep-2019 23:17:34.197 INFO [main] org.apache.catalina.startup.HostConfig.deployDirectory 웹 애플리케이션 디렉토리 [/Users/chaminjae/Desktop/블록체인/board_project/tomcat/9.0.19/libexec/webapps/host-manager]을(를) 배치합니다.
17-Sep-2019 23:17:34.257 INFO [main] org.apache.catalina.startup.HostConfig.deployDirectory 웹 애플리케이션 디렉토리 [/Users/chaminjae/Desktop/블록체인/board_project/tomcat/9.0.19/libexec/webapps/host-manager]에 대한 배치가 [60] 밀리초에 완료되었습니다.
17-Sep-2019 23:17:34.272 INFO [main] org.apache.catalina.startup.Catalina.start 서버가 [1,222] 밀리초 내에 시작되었습니다.
17-Sep-2019 23:17:34.285 SEVERE [main] org.apache.catalina.core.StandardServer.await 주소 [localhost]와(과) 포트 [8005]에, 서버 셧다운 소켓을 생성하지 못했습니다. (base 포트 [8005], offset [0])
 java.net.BindException: Address already in use (Bind failed)
	at java.base/java.net.PlainSocketImpl.socketBind(Native Method)
	at java.base/java.net.AbstractPlainSocketImpl.bind(AbstractPlainSocketImpl.java:436)
	at java.base/java.net.ServerSocket.bind(ServerSocket.java:386)
	at java.base/java.net.ServerSocket.<init>(ServerSocket.java:248)
	at org.apache.catalina.core.StandardServer.await(StandardServer.java:584)
	at org.apache.catalina.startup.Catalina.await(Catalina.java:721)
	at org.apache.catalina.startup.Catalina.start(Catalina.java:667)
	at java.base/jdk.internal.reflect.NativeMethodAccessorImpl.invoke0(Native Method)
	at java.base/jdk.internal.reflect.NativeMethodAccessorImpl.invoke(NativeMethodAccessorImpl.java:62)
	at java.base/jdk.internal.reflect.DelegatingMethodAccessorImpl.invoke(DelegatingMethodAccessorImpl.java:43)
	at java.base/java.lang.reflect.Method.invoke(Method.java:567)
	at org.apache.catalina.startup.Bootstrap.start(Bootstrap.java:350)
	at org.apache.catalina.startup.Bootstrap.main(Bootstrap.java:492)

17-Sep-2019 23:17:34.286 INFO [main] org.apache.coyote.AbstractProtocol.pause 프로토콜 핸들러 ["http-nio-8080"]을(를) 일시 정지 중
17-Sep-2019 23:17:34.287 INFO [main] org.apache.coyote.AbstractProtocol.pause 프로토콜 핸들러 ["ajp-nio-8009"]을(를) 일시 정지 중
17-Sep-2019 23:17:34.287 INFO [main] org.apache.catalina.core.StandardService.stopInternal 서비스 [Catalina]을(를) 중지시킵니다.
17-Sep-2019 23:17:34.329 INFO [main] org.apache.coyote.AbstractProtocol.stop 프로토콜 핸들러 ["http-nio-8080"]을(를) 중지시킵니다.
17-Sep-2019 23:17:34.329 INFO [main] org.apache.coyote.AbstractProtocol.destroy 프로토콜 핸들러 ["http-nio-8080"]을(를) 소멸시킵니다.
17-Sep-2019 23:17:34.330 INFO [main] org.apache.coyote.AbstractProtocol.stop 프로토콜 핸들러 ["ajp-nio-8009"]을(를) 중지시킵니다.
17-Sep-2019 23:17:34.330 INFO [main] org.apache.coyote.AbstractProtocol.destroy 프로토콜 핸들러 ["ajp-nio-8009"]을(를) 소멸시킵니다.
