18-Sep-2019 02:41:39.342 INFO [main] org.apache.catalina.core.StandardServer.await 셧다운 포트를 통해 유효한 셧다운 명령을 받았습니다. 서버 인스턴스를 중지시킵니다.
18-Sep-2019 02:41:39.345 INFO [main] org.apache.coyote.AbstractProtocol.pause 프로토콜 핸들러 ["http-nio-8080"]을(를) 일시 정지 중
18-Sep-2019 02:41:39.358 INFO [main] org.apache.coyote.AbstractProtocol.pause 프로토콜 핸들러 ["ajp-nio-8009"]을(를) 일시 정지 중
18-Sep-2019 02:41:39.365 INFO [main] org.apache.catalina.core.StandardService.stopInternal 서비스 [Catalina]을(를) 중지시킵니다.
18-Sep-2019 02:41:39.422 INFO [main] org.apache.coyote.AbstractProtocol.stop 프로토콜 핸들러 ["http-nio-8080"]을(를) 중지시킵니다.
18-Sep-2019 02:41:39.430 INFO [main] org.apache.coyote.AbstractProtocol.stop 프로토콜 핸들러 ["ajp-nio-8009"]을(를) 중지시킵니다.
18-Sep-2019 02:41:39.437 INFO [main] org.apache.coyote.AbstractProtocol.destroy 프로토콜 핸들러 ["http-nio-8080"]을(를) 소멸시킵니다.
18-Sep-2019 02:41:39.439 INFO [main] org.apache.coyote.AbstractProtocol.destroy 프로토콜 핸들러 ["ajp-nio-8009"]을(를) 소멸시킵니다.
18-Sep-2019 14:37:42.168 INFO [main] org.apache.catalina.startup.VersionLoggerListener.log 서버 버전 이름:        Apache Tomcat/9.0.19
18-Sep-2019 14:37:42.173 INFO [main] org.apache.catalina.startup.VersionLoggerListener.log Server 빌드 시각:          Apr 12 2019 14:22:48 UTC
18-Sep-2019 14:37:42.174 INFO [main] org.apache.catalina.startup.VersionLoggerListener.log Server 버전 번호:         9.0.19.0
18-Sep-2019 14:37:42.174 INFO [main] org.apache.catalina.startup.VersionLoggerListener.log 운영체제 이름:               Mac OS X
18-Sep-2019 14:37:42.175 INFO [main] org.apache.catalina.startup.VersionLoggerListener.log 운영체제 버전:            10.14.6
18-Sep-2019 14:37:42.175 INFO [main] org.apache.catalina.startup.VersionLoggerListener.log 아키텍처:          x86_64
18-Sep-2019 14:37:42.175 INFO [main] org.apache.catalina.startup.VersionLoggerListener.log 자바 홈:             /Library/Java/JavaVirtualMachines/jdk-12.0.1.jdk/Contents/Home
18-Sep-2019 14:37:42.175 INFO [main] org.apache.catalina.startup.VersionLoggerListener.log JVM 버전:           12.0.1+12
18-Sep-2019 14:37:42.176 INFO [main] org.apache.catalina.startup.VersionLoggerListener.log JVM 벤더:            Oracle Corporation
18-Sep-2019 14:37:42.176 INFO [main] org.apache.catalina.startup.VersionLoggerListener.log CATALINA_BASE:         /Users/chaminjae/Desktop/블록체인/board_project/tomcat/9.0.19/libexec
18-Sep-2019 14:37:42.176 INFO [main] org.apache.catalina.startup.VersionLoggerListener.log CATALINA_HOME:         /Users/chaminjae/Desktop/블록체인/board_project/tomcat/9.0.19/libexec
18-Sep-2019 14:37:42.179 INFO [main] org.apache.catalina.startup.VersionLoggerListener.log 명령 행 아규먼트: --add-opens=java.base/java.lang=ALL-UNNAMED
18-Sep-2019 14:37:42.179 INFO [main] org.apache.catalina.startup.VersionLoggerListener.log 명령 행 아규먼트: --add-opens=java.base/java.io=ALL-UNNAMED
18-Sep-2019 14:37:42.179 INFO [main] org.apache.catalina.startup.VersionLoggerListener.log 명령 행 아규먼트: --add-opens=java.rmi/sun.rmi.transport=ALL-UNNAMED
18-Sep-2019 14:37:42.179 INFO [main] org.apache.catalina.startup.VersionLoggerListener.log 명령 행 아규먼트: -Djava.util.logging.config.file=/Users/chaminjae/desktop/블록체인/board_project/tomcat/9.0.19/libexec/conf/logging.properties
18-Sep-2019 14:37:42.180 INFO [main] org.apache.catalina.startup.VersionLoggerListener.log 명령 행 아규먼트: -Djava.util.logging.manager=org.apache.juli.ClassLoaderLogManager
18-Sep-2019 14:37:42.180 INFO [main] org.apache.catalina.startup.VersionLoggerListener.log 명령 행 아규먼트: -Djdk.tls.ephemeralDHKeySize=2048
18-Sep-2019 14:37:42.180 INFO [main] org.apache.catalina.startup.VersionLoggerListener.log 명령 행 아규먼트: -Djava.protocol.handler.pkgs=org.apache.catalina.webresources
18-Sep-2019 14:37:42.180 INFO [main] org.apache.catalina.startup.VersionLoggerListener.log 명령 행 아규먼트: -Dorg.apache.catalina.security.SecurityListener.UMASK=0027
18-Sep-2019 14:37:42.180 INFO [main] org.apache.catalina.startup.VersionLoggerListener.log 명령 행 아규먼트: -Dignore.endorsed.dirs=
18-Sep-2019 14:37:42.181 INFO [main] org.apache.catalina.startup.VersionLoggerListener.log 명령 행 아규먼트: -Dcatalina.base=/Users/chaminjae/desktop/블록체인/board_project/tomcat/9.0.19/libexec
18-Sep-2019 14:37:42.181 INFO [main] org.apache.catalina.startup.VersionLoggerListener.log 명령 행 아규먼트: -Dcatalina.home=/Users/chaminjae/desktop/블록체인/board_project/tomcat/9.0.19/libexec
18-Sep-2019 14:37:42.181 INFO [main] org.apache.catalina.startup.VersionLoggerListener.log 명령 행 아규먼트: -Djava.io.tmpdir=/Users/chaminjae/desktop/블록체인/board_project/tomcat/9.0.19/libexec/temp
18-Sep-2019 14:37:42.181 INFO [main] org.apache.catalina.core.AprLifecycleListener.lifecycleEvent 프로덕션 환경들에서 최적의 성능을 제공하는, APR 기반 Apache Tomcat Native 라이브러리가, 다음 java.library.path에서 발견되지 않습니다: [/Users/chaminjae/Library/Java/Extensions:/Library/Java/Extensions:/Network/Library/Java/Extensions:/System/Library/Java/Extensions:/usr/lib/java:.]
18-Sep-2019 14:37:42.249 INFO [main] org.apache.coyote.AbstractProtocol.init 프로토콜 핸들러 ["http-nio-8080"]을(를) 초기화합니다.
18-Sep-2019 14:37:42.313 INFO [main] org.apache.coyote.AbstractProtocol.init 프로토콜 핸들러 ["ajp-nio-8009"]을(를) 초기화합니다.
18-Sep-2019 14:37:42.321 INFO [main] org.apache.catalina.startup.Catalina.load [907] 밀리초 내에 서버가 초기화되었습니다.
18-Sep-2019 14:37:42.393 INFO [main] org.apache.catalina.core.StandardService.startInternal 서비스 [Catalina]을(를) 시작합니다.
18-Sep-2019 14:37:42.394 INFO [main] org.apache.catalina.core.StandardEngine.startInternal 서버 엔진을 시작합니다: [Apache Tomcat/9.0.19]
18-Sep-2019 14:37:42.409 INFO [main] org.apache.catalina.startup.HostConfig.deployDirectory 웹 애플리케이션 디렉토리 [/Users/chaminjae/Desktop/블록체인/board_project/tomcat/9.0.19/libexec/webapps/docs]을(를) 배치합니다.
18-Sep-2019 14:37:42.926 INFO [main] org.apache.catalina.startup.HostConfig.deployDirectory 웹 애플리케이션 디렉토리 [/Users/chaminjae/Desktop/블록체인/board_project/tomcat/9.0.19/libexec/webapps/docs]에 대한 배치가 [517] 밀리초에 완료되었습니다.
18-Sep-2019 14:37:42.928 INFO [main] org.apache.catalina.startup.HostConfig.deployDirectory 웹 애플리케이션 디렉토리 [/Users/chaminjae/Desktop/블록체인/board_project/tomcat/9.0.19/libexec/webapps/manager]을(를) 배치합니다.
18-Sep-2019 14:37:43.006 INFO [main] org.apache.catalina.startup.HostConfig.deployDirectory 웹 애플리케이션 디렉토리 [/Users/chaminjae/Desktop/블록체인/board_project/tomcat/9.0.19/libexec/webapps/manager]에 대한 배치가 [79] 밀리초에 완료되었습니다.
18-Sep-2019 14:37:43.007 INFO [main] org.apache.catalina.startup.HostConfig.deployDirectory 웹 애플리케이션 디렉토리 [/Users/chaminjae/Desktop/블록체인/board_project/tomcat/9.0.19/libexec/webapps/examples]을(를) 배치합니다.
18-Sep-2019 14:37:43.519 INFO [main] org.apache.catalina.startup.HostConfig.deployDirectory 웹 애플리케이션 디렉토리 [/Users/chaminjae/Desktop/블록체인/board_project/tomcat/9.0.19/libexec/webapps/examples]에 대한 배치가 [512] 밀리초에 완료되었습니다.
18-Sep-2019 14:37:43.520 INFO [main] org.apache.catalina.startup.HostConfig.deployDirectory 웹 애플리케이션 디렉토리 [/Users/chaminjae/Desktop/블록체인/board_project/tomcat/9.0.19/libexec/webapps/ROOT]을(를) 배치합니다.
18-Sep-2019 14:37:43.563 INFO [main] org.apache.catalina.startup.HostConfig.deployDirectory 웹 애플리케이션 디렉토리 [/Users/chaminjae/Desktop/블록체인/board_project/tomcat/9.0.19/libexec/webapps/ROOT]에 대한 배치가 [44] 밀리초에 완료되었습니다.
18-Sep-2019 14:37:43.564 INFO [main] org.apache.catalina.startup.HostConfig.deployDirectory 웹 애플리케이션 디렉토리 [/Users/chaminjae/Desktop/블록체인/board_project/tomcat/9.0.19/libexec/webapps/host-manager]을(를) 배치합니다.
18-Sep-2019 14:37:43.617 INFO [main] org.apache.catalina.startup.HostConfig.deployDirectory 웹 애플리케이션 디렉토리 [/Users/chaminjae/Desktop/블록체인/board_project/tomcat/9.0.19/libexec/webapps/host-manager]에 대한 배치가 [53] 밀리초에 완료되었습니다.
18-Sep-2019 14:37:43.625 INFO [main] org.apache.coyote.AbstractProtocol.start 프로토콜 핸들러 ["http-nio-8080"]을(를) 시작합니다.
18-Sep-2019 14:37:43.642 INFO [main] org.apache.coyote.AbstractProtocol.start 프로토콜 핸들러 ["ajp-nio-8009"]을(를) 시작합니다.
18-Sep-2019 14:37:43.645 INFO [main] org.apache.catalina.startup.Catalina.start 서버가 [1,323] 밀리초 내에 시작되었습니다.
