23-Sep-2019 23:40:37.307 INFO [main] org.apache.catalina.startup.VersionLoggerListener.log 서버 버전 이름:        Apache Tomcat/9.0.19
23-Sep-2019 23:40:37.313 INFO [main] org.apache.catalina.startup.VersionLoggerListener.log Server 빌드 시각:          Apr 12 2019 14:22:48 UTC
23-Sep-2019 23:40:37.314 INFO [main] org.apache.catalina.startup.VersionLoggerListener.log Server 버전 번호:         9.0.19.0
23-Sep-2019 23:40:37.314 INFO [main] org.apache.catalina.startup.VersionLoggerListener.log 운영체제 이름:               Mac OS X
23-Sep-2019 23:40:37.314 INFO [main] org.apache.catalina.startup.VersionLoggerListener.log 운영체제 버전:            10.14.6
23-Sep-2019 23:40:37.315 INFO [main] org.apache.catalina.startup.VersionLoggerListener.log 아키텍처:          x86_64
23-Sep-2019 23:40:37.315 INFO [main] org.apache.catalina.startup.VersionLoggerListener.log 자바 홈:             /Library/Java/JavaVirtualMachines/jdk-12.0.1.jdk/Contents/Home
23-Sep-2019 23:40:37.315 INFO [main] org.apache.catalina.startup.VersionLoggerListener.log JVM 버전:           12.0.1+12
23-Sep-2019 23:40:37.316 INFO [main] org.apache.catalina.startup.VersionLoggerListener.log JVM 벤더:            Oracle Corporation
23-Sep-2019 23:40:37.316 INFO [main] org.apache.catalina.startup.VersionLoggerListener.log CATALINA_BASE:         /Users/chaminjae/Desktop/블록체인/board_project/tomcat/9.0.19/libexec
23-Sep-2019 23:40:37.316 INFO [main] org.apache.catalina.startup.VersionLoggerListener.log CATALINA_HOME:         /Users/chaminjae/Desktop/블록체인/board_project/tomcat/9.0.19/libexec
23-Sep-2019 23:40:37.319 INFO [main] org.apache.catalina.startup.VersionLoggerListener.log 명령 행 아규먼트: --add-opens=java.base/java.lang=ALL-UNNAMED
23-Sep-2019 23:40:37.319 INFO [main] org.apache.catalina.startup.VersionLoggerListener.log 명령 행 아규먼트: --add-opens=java.base/java.io=ALL-UNNAMED
23-Sep-2019 23:40:37.320 INFO [main] org.apache.catalina.startup.VersionLoggerListener.log 명령 행 아규먼트: --add-opens=java.rmi/sun.rmi.transport=ALL-UNNAMED
23-Sep-2019 23:40:37.320 INFO [main] org.apache.catalina.startup.VersionLoggerListener.log 명령 행 아규먼트: -Djava.util.logging.config.file=/Users/chaminjae/desktop/블록체인/board_project/tomcat/9.0.19/libexec/conf/logging.properties
23-Sep-2019 23:40:37.320 INFO [main] org.apache.catalina.startup.VersionLoggerListener.log 명령 행 아규먼트: -Djava.util.logging.manager=org.apache.juli.ClassLoaderLogManager
23-Sep-2019 23:40:37.320 INFO [main] org.apache.catalina.startup.VersionLoggerListener.log 명령 행 아규먼트: -Djdk.tls.ephemeralDHKeySize=2048
23-Sep-2019 23:40:37.320 INFO [main] org.apache.catalina.startup.VersionLoggerListener.log 명령 행 아규먼트: -Djava.protocol.handler.pkgs=org.apache.catalina.webresources
23-Sep-2019 23:40:37.321 INFO [main] org.apache.catalina.startup.VersionLoggerListener.log 명령 행 아규먼트: -Dorg.apache.catalina.security.SecurityListener.UMASK=0027
23-Sep-2019 23:40:37.321 INFO [main] org.apache.catalina.startup.VersionLoggerListener.log 명령 행 아규먼트: -Dignore.endorsed.dirs=
23-Sep-2019 23:40:37.321 INFO [main] org.apache.catalina.startup.VersionLoggerListener.log 명령 행 아규먼트: -Dcatalina.base=/Users/chaminjae/desktop/블록체인/board_project/tomcat/9.0.19/libexec
23-Sep-2019 23:40:37.321 INFO [main] org.apache.catalina.startup.VersionLoggerListener.log 명령 행 아규먼트: -Dcatalina.home=/Users/chaminjae/desktop/블록체인/board_project/tomcat/9.0.19/libexec
23-Sep-2019 23:40:37.322 INFO [main] org.apache.catalina.startup.VersionLoggerListener.log 명령 행 아규먼트: -Djava.io.tmpdir=/Users/chaminjae/desktop/블록체인/board_project/tomcat/9.0.19/libexec/temp
23-Sep-2019 23:40:37.322 INFO [main] org.apache.catalina.core.AprLifecycleListener.lifecycleEvent 프로덕션 환경들에서 최적의 성능을 제공하는, APR 기반 Apache Tomcat Native 라이브러리가, 다음 java.library.path에서 발견되지 않습니다: [/Users/chaminjae/Library/Java/Extensions:/Library/Java/Extensions:/Network/Library/Java/Extensions:/System/Library/Java/Extensions:/usr/lib/java:.]
23-Sep-2019 23:40:37.492 INFO [main] org.apache.coyote.AbstractProtocol.init 프로토콜 핸들러 ["http-nio-8080"]을(를) 초기화합니다.
23-Sep-2019 23:40:37.573 INFO [main] org.apache.coyote.AbstractProtocol.init 프로토콜 핸들러 ["ajp-nio-8009"]을(를) 초기화합니다.
23-Sep-2019 23:40:37.579 INFO [main] org.apache.catalina.startup.Catalina.load [1,058] 밀리초 내에 서버가 초기화되었습니다.
23-Sep-2019 23:40:37.688 INFO [main] org.apache.catalina.core.StandardService.startInternal 서비스 [Catalina]을(를) 시작합니다.
23-Sep-2019 23:40:37.688 INFO [main] org.apache.catalina.core.StandardEngine.startInternal 서버 엔진을 시작합니다: [Apache Tomcat/9.0.19]
23-Sep-2019 23:40:37.703 INFO [main] org.apache.catalina.startup.HostConfig.deployDirectory 웹 애플리케이션 디렉토리 [/Users/chaminjae/Desktop/블록체인/board_project/tomcat/9.0.19/libexec/webapps/docs]을(를) 배치합니다.
23-Sep-2019 23:40:38.197 INFO [main] org.apache.catalina.startup.HostConfig.deployDirectory 웹 애플리케이션 디렉토리 [/Users/chaminjae/Desktop/블록체인/board_project/tomcat/9.0.19/libexec/webapps/docs]에 대한 배치가 [494] 밀리초에 완료되었습니다.
23-Sep-2019 23:40:38.199 INFO [main] org.apache.catalina.startup.HostConfig.deployDirectory 웹 애플리케이션 디렉토리 [/Users/chaminjae/Desktop/블록체인/board_project/tomcat/9.0.19/libexec/webapps/manager]을(를) 배치합니다.
23-Sep-2019 23:40:38.266 INFO [main] org.apache.catalina.startup.HostConfig.deployDirectory 웹 애플리케이션 디렉토리 [/Users/chaminjae/Desktop/블록체인/board_project/tomcat/9.0.19/libexec/webapps/manager]에 대한 배치가 [68] 밀리초에 완료되었습니다.
23-Sep-2019 23:40:38.267 INFO [main] org.apache.catalina.startup.HostConfig.deployDirectory 웹 애플리케이션 디렉토리 [/Users/chaminjae/Desktop/블록체인/board_project/tomcat/9.0.19/libexec/webapps/examples]을(를) 배치합니다.
23-Sep-2019 23:40:38.748 INFO [main] org.apache.catalina.startup.HostConfig.deployDirectory 웹 애플리케이션 디렉토리 [/Users/chaminjae/Desktop/블록체인/board_project/tomcat/9.0.19/libexec/webapps/examples]에 대한 배치가 [482] 밀리초에 완료되었습니다.
23-Sep-2019 23:40:38.749 INFO [main] org.apache.catalina.startup.HostConfig.deployDirectory 웹 애플리케이션 디렉토리 [/Users/chaminjae/Desktop/블록체인/board_project/tomcat/9.0.19/libexec/webapps/ROOT]을(를) 배치합니다.
23-Sep-2019 23:40:38.800 INFO [main] org.apache.catalina.startup.HostConfig.deployDirectory 웹 애플리케이션 디렉토리 [/Users/chaminjae/Desktop/블록체인/board_project/tomcat/9.0.19/libexec/webapps/ROOT]에 대한 배치가 [50] 밀리초에 완료되었습니다.
23-Sep-2019 23:40:38.801 INFO [main] org.apache.catalina.startup.HostConfig.deployDirectory 웹 애플리케이션 디렉토리 [/Users/chaminjae/Desktop/블록체인/board_project/tomcat/9.0.19/libexec/webapps/host-manager]을(를) 배치합니다.
23-Sep-2019 23:40:38.847 INFO [main] org.apache.catalina.startup.HostConfig.deployDirectory 웹 애플리케이션 디렉토리 [/Users/chaminjae/Desktop/블록체인/board_project/tomcat/9.0.19/libexec/webapps/host-manager]에 대한 배치가 [46] 밀리초에 완료되었습니다.
23-Sep-2019 23:40:38.861 INFO [main] org.apache.coyote.AbstractProtocol.start 프로토콜 핸들러 ["http-nio-8080"]을(를) 시작합니다.
23-Sep-2019 23:40:38.876 INFO [main] org.apache.coyote.AbstractProtocol.start 프로토콜 핸들러 ["ajp-nio-8009"]을(를) 시작합니다.
23-Sep-2019 23:40:38.881 INFO [main] org.apache.catalina.startup.Catalina.start 서버가 [1,301] 밀리초 내에 시작되었습니다.
