26-Sep-2019 17:24:13.151 INFO [main] org.apache.catalina.startup.VersionLoggerListener.log 서버 버전 이름:        Apache Tomcat/9.0.19
26-Sep-2019 17:24:13.168 INFO [main] org.apache.catalina.startup.VersionLoggerListener.log Server 빌드 시각:          Apr 12 2019 14:22:48 UTC
26-Sep-2019 17:24:13.168 INFO [main] org.apache.catalina.startup.VersionLoggerListener.log Server 버전 번호:         9.0.19.0
26-Sep-2019 17:24:13.169 INFO [main] org.apache.catalina.startup.VersionLoggerListener.log 운영체제 이름:               Mac OS X
26-Sep-2019 17:24:13.169 INFO [main] org.apache.catalina.startup.VersionLoggerListener.log 운영체제 버전:            10.14.6
26-Sep-2019 17:24:13.169 INFO [main] org.apache.catalina.startup.VersionLoggerListener.log 아키텍처:          x86_64
26-Sep-2019 17:24:13.169 INFO [main] org.apache.catalina.startup.VersionLoggerListener.log 자바 홈:             /Library/Java/JavaVirtualMachines/jdk-12.0.1.jdk/Contents/Home
26-Sep-2019 17:24:13.170 INFO [main] org.apache.catalina.startup.VersionLoggerListener.log JVM 버전:           12.0.1+12
26-Sep-2019 17:24:13.178 INFO [main] org.apache.catalina.startup.VersionLoggerListener.log JVM 벤더:            Oracle Corporation
26-Sep-2019 17:24:13.179 INFO [main] org.apache.catalina.startup.VersionLoggerListener.log CATALINA_BASE:         /Users/chaminjae/Desktop/블록체인/board_project/tomcat/9.0.19/libexec
26-Sep-2019 17:24:13.180 INFO [main] org.apache.catalina.startup.VersionLoggerListener.log CATALINA_HOME:         /Users/chaminjae/Desktop/블록체인/board_project/tomcat/9.0.19/libexec
26-Sep-2019 17:24:13.185 INFO [main] org.apache.catalina.startup.VersionLoggerListener.log 명령 행 아규먼트: --add-opens=java.base/java.lang=ALL-UNNAMED
26-Sep-2019 17:24:13.186 INFO [main] org.apache.catalina.startup.VersionLoggerListener.log 명령 행 아규먼트: --add-opens=java.base/java.io=ALL-UNNAMED
26-Sep-2019 17:24:13.187 INFO [main] org.apache.catalina.startup.VersionLoggerListener.log 명령 행 아규먼트: --add-opens=java.rmi/sun.rmi.transport=ALL-UNNAMED
26-Sep-2019 17:24:13.187 INFO [main] org.apache.catalina.startup.VersionLoggerListener.log 명령 행 아규먼트: -Djava.util.logging.config.file=/Users/chaminjae/desktop/블록체인/board_project/tomcat/9.0.19/libexec/conf/logging.properties
26-Sep-2019 17:24:13.187 INFO [main] org.apache.catalina.startup.VersionLoggerListener.log 명령 행 아규먼트: -Djava.util.logging.manager=org.apache.juli.ClassLoaderLogManager
26-Sep-2019 17:24:13.188 INFO [main] org.apache.catalina.startup.VersionLoggerListener.log 명령 행 아규먼트: -Djdk.tls.ephemeralDHKeySize=2048
26-Sep-2019 17:24:13.188 INFO [main] org.apache.catalina.startup.VersionLoggerListener.log 명령 행 아규먼트: -Djava.protocol.handler.pkgs=org.apache.catalina.webresources
26-Sep-2019 17:24:13.188 INFO [main] org.apache.catalina.startup.VersionLoggerListener.log 명령 행 아규먼트: -Dorg.apache.catalina.security.SecurityListener.UMASK=0027
26-Sep-2019 17:24:13.188 INFO [main] org.apache.catalina.startup.VersionLoggerListener.log 명령 행 아규먼트: -Dignore.endorsed.dirs=
26-Sep-2019 17:24:13.188 INFO [main] org.apache.catalina.startup.VersionLoggerListener.log 명령 행 아규먼트: -Dcatalina.base=/Users/chaminjae/desktop/블록체인/board_project/tomcat/9.0.19/libexec
26-Sep-2019 17:24:13.189 INFO [main] org.apache.catalina.startup.VersionLoggerListener.log 명령 행 아규먼트: -Dcatalina.home=/Users/chaminjae/desktop/블록체인/board_project/tomcat/9.0.19/libexec
26-Sep-2019 17:24:13.189 INFO [main] org.apache.catalina.startup.VersionLoggerListener.log 명령 행 아규먼트: -Djava.io.tmpdir=/Users/chaminjae/desktop/블록체인/board_project/tomcat/9.0.19/libexec/temp
26-Sep-2019 17:24:13.189 INFO [main] org.apache.catalina.core.AprLifecycleListener.lifecycleEvent 프로덕션 환경들에서 최적의 성능을 제공하는, APR 기반 Apache Tomcat Native 라이브러리가, 다음 java.library.path에서 발견되지 않습니다: [/Users/chaminjae/Library/Java/Extensions:/Library/Java/Extensions:/Network/Library/Java/Extensions:/System/Library/Java/Extensions:/usr/lib/java:.]
26-Sep-2019 17:24:13.268 INFO [main] org.apache.coyote.AbstractProtocol.init 프로토콜 핸들러 ["http-nio-8080"]을(를) 초기화합니다.
26-Sep-2019 17:24:13.338 INFO [main] org.apache.coyote.AbstractProtocol.init 프로토콜 핸들러 ["ajp-nio-8009"]을(를) 초기화합니다.
26-Sep-2019 17:24:13.345 INFO [main] org.apache.catalina.startup.Catalina.load [1,119] 밀리초 내에 서버가 초기화되었습니다.
26-Sep-2019 17:24:13.422 INFO [main] org.apache.catalina.core.StandardService.startInternal 서비스 [Catalina]을(를) 시작합니다.
26-Sep-2019 17:24:13.422 INFO [main] org.apache.catalina.core.StandardEngine.startInternal 서버 엔진을 시작합니다: [Apache Tomcat/9.0.19]
26-Sep-2019 17:24:13.435 INFO [main] org.apache.catalina.startup.HostConfig.deployDirectory 웹 애플리케이션 디렉토리 [/Users/chaminjae/Desktop/블록체인/board_project/tomcat/9.0.19/libexec/webapps/docs]을(를) 배치합니다.
26-Sep-2019 17:24:14.138 INFO [main] org.apache.catalina.startup.HostConfig.deployDirectory 웹 애플리케이션 디렉토리 [/Users/chaminjae/Desktop/블록체인/board_project/tomcat/9.0.19/libexec/webapps/docs]에 대한 배치가 [703] 밀리초에 완료되었습니다.
26-Sep-2019 17:24:14.141 INFO [main] org.apache.catalina.startup.HostConfig.deployDirectory 웹 애플리케이션 디렉토리 [/Users/chaminjae/Desktop/블록체인/board_project/tomcat/9.0.19/libexec/webapps/manager]을(를) 배치합니다.
26-Sep-2019 17:24:14.250 INFO [main] org.apache.catalina.startup.HostConfig.deployDirectory 웹 애플리케이션 디렉토리 [/Users/chaminjae/Desktop/블록체인/board_project/tomcat/9.0.19/libexec/webapps/manager]에 대한 배치가 [109] 밀리초에 완료되었습니다.
26-Sep-2019 17:24:14.251 INFO [main] org.apache.catalina.startup.HostConfig.deployDirectory 웹 애플리케이션 디렉토리 [/Users/chaminjae/Desktop/블록체인/board_project/tomcat/9.0.19/libexec/webapps/examples]을(를) 배치합니다.
26-Sep-2019 17:24:14.889 INFO [main] org.apache.catalina.startup.HostConfig.deployDirectory 웹 애플리케이션 디렉토리 [/Users/chaminjae/Desktop/블록체인/board_project/tomcat/9.0.19/libexec/webapps/examples]에 대한 배치가 [637] 밀리초에 완료되었습니다.
26-Sep-2019 17:24:14.890 INFO [main] org.apache.catalina.startup.HostConfig.deployDirectory 웹 애플리케이션 디렉토리 [/Users/chaminjae/Desktop/블록체인/board_project/tomcat/9.0.19/libexec/webapps/ROOT]을(를) 배치합니다.
26-Sep-2019 17:24:14.941 INFO [main] org.apache.catalina.startup.HostConfig.deployDirectory 웹 애플리케이션 디렉토리 [/Users/chaminjae/Desktop/블록체인/board_project/tomcat/9.0.19/libexec/webapps/ROOT]에 대한 배치가 [52] 밀리초에 완료되었습니다.
26-Sep-2019 17:24:14.942 INFO [main] org.apache.catalina.startup.HostConfig.deployDirectory 웹 애플리케이션 디렉토리 [/Users/chaminjae/Desktop/블록체인/board_project/tomcat/9.0.19/libexec/webapps/host-manager]을(를) 배치합니다.
26-Sep-2019 17:24:15.006 INFO [main] org.apache.catalina.startup.HostConfig.deployDirectory 웹 애플리케이션 디렉토리 [/Users/chaminjae/Desktop/블록체인/board_project/tomcat/9.0.19/libexec/webapps/host-manager]에 대한 배치가 [64] 밀리초에 완료되었습니다.
26-Sep-2019 17:24:15.014 INFO [main] org.apache.coyote.AbstractProtocol.start 프로토콜 핸들러 ["http-nio-8080"]을(를) 시작합니다.
26-Sep-2019 17:24:15.036 INFO [main] org.apache.coyote.AbstractProtocol.start 프로토콜 핸들러 ["ajp-nio-8009"]을(를) 시작합니다.
26-Sep-2019 17:24:15.043 INFO [main] org.apache.catalina.startup.Catalina.start 서버가 [1,698] 밀리초 내에 시작되었습니다.
26-Sep-2019 19:33:05.826 INFO [Thread-4] org.apache.coyote.AbstractProtocol.pause 프로토콜 핸들러 ["http-nio-8080"]을(를) 일시 정지 중
26-Sep-2019 19:33:05.837 INFO [Thread-4] org.apache.coyote.AbstractProtocol.pause 프로토콜 핸들러 ["ajp-nio-8009"]을(를) 일시 정지 중
26-Sep-2019 19:33:05.844 INFO [Thread-4] org.apache.catalina.core.StandardService.stopInternal 서비스 [Catalina]을(를) 중지시킵니다.
26-Sep-2019 19:33:05.903 INFO [Thread-4] org.apache.coyote.AbstractProtocol.stop 프로토콜 핸들러 ["http-nio-8080"]을(를) 중지시킵니다.
26-Sep-2019 19:33:05.911 INFO [Thread-4] org.apache.coyote.AbstractProtocol.stop 프로토콜 핸들러 ["ajp-nio-8009"]을(를) 중지시킵니다.
26-Sep-2019 19:33:05.914 INFO [Thread-4] org.apache.coyote.AbstractProtocol.destroy 프로토콜 핸들러 ["http-nio-8080"]을(를) 소멸시킵니다.
26-Sep-2019 19:33:05.915 INFO [Thread-4] org.apache.coyote.AbstractProtocol.destroy 프로토콜 핸들러 ["ajp-nio-8009"]을(를) 소멸시킵니다.
